app/mapping.txt
# compiler: R8
# compiler_version: 8.2.47
# min_api: 24
# common_typos_disable
# {"id":"com.android.tools.r8.mapping","version":"2.2"}
# pg_map_id: ee4d054
# pg_map_hash: SHA-256 ee4d054bcd65b32c8ebe5c56c674dfe8f74245355b59f2b33cd3a3032603b190
com.aerovpn.AeroVPNApplication -> com.aerovpn.AeroVPNApplication:
# {"id":"sourceFile","fileName":"AeroVPNApplication.kt"}
    11:15:void androidx.multidex.MultiDex.install(android.content.Context):0:0 -> attachBaseContext
    11:15:void attachBaseContext(android.content.Context):0 -> attachBaseContext
    16:30:android.content.pm.ApplicationInfo androidx.multidex.MultiDex.getApplicationInfo(android.content.Context):0:0 -> attachBaseContext
    16:30:void androidx.multidex.MultiDex.install(android.content.Context):0 -> attachBaseContext
    16:30:void attachBaseContext(android.content.Context):0 -> attachBaseContext
    31:83:void androidx.multidex.MultiDex.install(android.content.Context):0:0 -> attachBaseContext
    31:83:void attachBaseContext(android.content.Context):0 -> attachBaseContext
    9:14:androidx.work.Configuration androidx.work.Configuration$Builder.build():0:0 -> getWorkManagerConfiguration
    9:14:androidx.work.Configuration getWorkManagerConfiguration():0 -> getWorkManagerConfiguration
      # {"id":"com.android.tools.r8.residualsignature","signature":"()Lf4/b;"}
com.aerovpn.AeroVPNApplication$$ExternalSyntheticApiModelOutline4 -> i5.a:
# {"id":"sourceFile","fileName":"R8$$SyntheticClass"}
# {"id":"com.android.tools.r8.synthesized"}
    1:1:void androidx.compose.ui.autofill.AutofillCallback$$InternalSyntheticApiModelOutline$1$d78e2d1fecca651483c65e8075c357fee75b39c34aa00941b87e5e8c3894391c$1.m(android.view.autofill.AutofillManager,android.view.autofill.AutofillManager$AutofillCallback):0:0 -> A
      # {"id":"com.android.tools.r8.synthesized"}
    1:1:boolean androidx.compose.ui.autofill.AutofillApi26Helper$$InternalSyntheticApiModelOutline$1$49d93b0ae8274f08b0ae6fd047bab6736cd7d217ef052a471b43197a6b61ddac$0.m(android.view.autofill.AutofillValue):0:0 -> B
      # {"id":"com.android.tools.r8.synthesized"}
    1:1:boolean androidx.compose.ui.autofill.AutofillApi26Helper$$InternalSyntheticApiModelOutline$1$81dc3b88718087488307af2f07f29df2eebb4ab5a7962b89833aeeeafb988a82$0.m(android.view.autofill.AutofillValue):0:0 -> C
      # {"id":"com.android.tools.r8.synthesized"}
    1:1:boolean androidx.compose.ui.autofill.AutofillApi26Helper$$InternalSyntheticApiModelOutline$1$f98e94401d1d2c879bbb9e6872edb2b7ac504aaaf300aa8204966e9b1f8215bf$0.m(android.view.autofill.AutofillValue):0:0 -> D
      # {"id":"com.android.tools.r8.synthesized"}
com.aerovpn.AeroVPNApplication$Companion -> com.aerovpn.AeroVPNApplication$Companion:
# {"id":"sourceFile","fileName":"AeroVPNApplication.kt"}
    1:1:void <init>(kotlin.jvm.internal.DefaultConstructorMarker):0:0 -> <init>
      # {"id":"com.android.tools.r8.residualsignature","signature":"(Lkotlin/jvm/internal/f;)V"}
com.aerovpn.AeroVPNBackupAgent -> com.aerovpn.AeroVPNBackupAgent:
# {"id":"sourceFile","fileName":"AeroVPNBackupAgent.kt"}
com.aerovpn.AeroVPNBackupAgent$Companion -> com.aerovpn.AeroVPNBackupAgent$Companion:
# {"id":"sourceFile","fileName":"AeroVPNBackupAgent.kt"}
    1:1:void <init>(kotlin.jvm.internal.DefaultConstructorMarker):0:0 -> <init>
      # {"id":"com.android.tools.r8.residualsignature","signature":"(Lkotlin/jvm/internal/f;)V"}
com.aerovpn.BuildConfig -> com.aerovpn.BuildConfig:
# {"id":"sourceFile","fileName":"BuildConfig.java"}
...
androidx.compose.foundation.gestures.ScrollableNode$onKeyEvent$1$1$1 -> t.z1:
# {"id":"sourceFile","fileName":"Scrollable.kt"}
    java.lang.Object L$0 -> b
    androidx.compose.foundation.gestures.ScrollingLogic $this_with -> i
      # {"id":"com.android.tools.r8.residualsignature","signature":"Lt/j2;"}
    long $scrollAmount -> j
    1:1:void <init>(androidx.compose.foundation.gestures.ScrollingLogic,long,kotlin.coroutines.Continuation):0:0 -> <init>
      # {"id":"com.android.tools.r8.residualsignature","signature":"(Lt/j2;JLq5/f;)V"}
    1:1:kotlin.coroutines.Continuation create(java.lang.Object,kotlin.coroutines.Continuation):0:0 -> create
      # {"id":"com.android.tools.r8.residualsignature","signature":"(Ljava/lang/Object;Lq5/f;)Lq5/f;"}
    5:16:java.lang.Object androidx.compose.foundation.gestures.ScrollableNode$onKeyEvent$1$1$1.invoke(androidx.compose.foundation.gestures.ScrollScope,kotlin.coroutines.Continuation):0:0 -> invoke
    5:16:java.lang.Object invoke(java.lang.Object,java.lang.Object):0 -> invoke
    1:2:java.lang.Object kotlin.coroutines.intrinsics.IntrinsicsKt__IntrinsicsKt.getCOROUTINE_SUSPENDED():0:0 -> invokeSuspend
    1:2:java.lang.Object invokeSuspend(java.lang.Object):0 -> invokeSuspend
    3:20:java.lang.Object invokeSuspend(java.lang.Object):0:0 -> invokeSuspend
androidx.compose.foundation.gestures.ScrollableState -> t.c2:
# {"id":"sourceFile","fileName":"ScrollableState.kt"}
    1:1:boolean getCanScrollForward():0:0 -> a
    java.lang.Object scroll(androidx.compose.foundation.MutatePriority,kotlin.jvm.functions.Function2,kotlin.coroutines.Continuation) -> b
      # {"id":"com.android.tools.r8.residualsignature","signature":"(Ls/q1;Ly5/e;Lq5/f;)Ljava/lang/Object;"}
    float dispatchRawDelta(float) -> c
    1:1:boolean getCanScrollBackward():0:0 -> d
    boolean isScrollInProgress() -> e
androidx.compose.foundation.gestures.ScrollableStateKt -> R8$$REMOVED$$CLASS$$201:
# {"id":"sourceFile","fileName":"ScrollableState.kt"}
androidx.compose.foundation.gestures.ScrollableStateKt$rememberScrollableState$1$1 -> t.d2:
# {"id":"sourceFile","fileName":"ScrollableState.kt"}
    int $r8$classId -> b
      # {"id":"com.android.tools.r8.synthesized"}
    androidx.compose.runtime.State $lambdaState -> i
      # {"id":"com.android.tools.r8.residualsignature","signature":"Lk0/k3;"}
    6:9:void androidx.compose.foundation.gestures.ScrollableStateKt$rememberScrollableState$1$1.<init>(androidx.compose.runtime.State):0:0 -> <init>
    6:9:void $r8$init$synthetic(androidx.compose.runtime.State,int):0 -> <init>
      # {"id":"com.android.tools.r8.synthesized"}
      # {"id":"com.android.tools.r8.residualsignature","signature":"(Lk0/k3;I)V"}
    8:9:java.lang.Object androidx.compose.foundation.text.TextFieldPressGestureFilterKt$tapPressTextFieldModifier$1$2$2.invoke(java.lang.Object):0:0 -> invoke
    8:9:java.lang.Object invoke$bridge(java.lang.Object):0 -> invoke
      # {"id":"com.android.tools.r8.synthesized"}
    10:11:long androidx.compose.ui.geometry.Offset.unbox-impl():0:0 -> invoke
    10:11:java.lang.Object androidx.compose.foundation.text.TextFieldPressGestureFilterKt$tapPressTextFieldModifier$1$2$2.invoke(java.lang.Object):0 -> invoke
      # {"id":"com.android.tools.r8.rewriteFrame","conditions":["throws(Ljava/lang/NullPointerException;)"],"actions":["removeInnerFrames(1)"]}
    10:11:java.lang.Object invoke$bridge(java.lang.Object):0 -> invoke